0.03 
0.06 0.09 0.12 0.16 0.19 0.22 0.25 0.28 0.31 0.34 0.38 0.41 0.44 0.47 0.50 0.53 0.56 0.59 0.62 0.66 
0.69 0.72 0.75 0.78 0.81 0.84 0.88 0.91 0.94 0.97 1.00 0.06 0.12 0.16 0.19 0.22 0.25 0.28 0.31 0.34 
0.38 0.41 0.44 0.47 0.50 0.53 0.56 0.59 0.62 0.66 0.69 0.72 0.75 0.78 0.81 0.84 0.88 0.91 0.94 0.97 
1.00 1.03 1.06 0.09 0.16 0.19 0.22 0.25 0.28 0.31 0.34 0.38 0.41 0.44 0.47 0.50 0.53 0.56 0.59 0.62 
0.66 0.69 0.72 0.75 0.78 0.81 0.84 0.88 0.91 0.94 0.97 1.00 1.03 1.06 1.09 0.12 0.19 0.22 0.25 0.28 
0.31 0.34 0.38 0.41 0.44 0.47 0.50 0.53 0.56 0.59 0.62 0.66 0.69 0.72 0.75 0.78 0.81 0.84 0.88 0.91 
0.94 0.97 1.00 1.03 1.06 1.09 1.12 0.16 0.22 0.25 0.28 0.31 0.34 0.38 0.41 0.44 0.47 0.50 0.53 0.56 
0.59 0.62 0.66 0.69 0.72 0.75 0.78 0.81 0.84 0.88 0.91 0.94 0.97 1.00 1.03 1.06 1.09 1.12 1.16 0.19 
0.25 0.28 0.31 0.34 0.38 0.41 0.44 0.47 0.50 0.53 0.56 0.59 0.62 0.66 0.69 0.72 0.75 0.78 0.81 0.84 
0.88 0.91 0.94 0.97 1.00 1.03 1.06 1.09 1.12 1.16 1.19 0.22 0.28 0.31 0.34 0.38 0.41 0.44 0.47 0.50 
0.53 0.56 0.59 0.62 0.66 0.69 0.72 0.75 0.78 0.81 0.84 0.88 0.91 0.94 0.97 1.00 1.03 1.06 1.09 1.12 
1.16 1.19 1.22 0.25 0.31 0.34 0.38 0.41 0.44 0.47 0.50 0.53 0.56 0.59 0.62 0.66 0.69 0.72 0.75 0.78 
0.81 0.84 0.88 0.91 0.94 0.97 1.00 1.03 1.06 1.09 1.12 1.16 1.19 1.22 1.25 0.28 0.34 0.38 0.41 0.44 
0.47 0.50 0.53 0.56 0.59 0.62 0.66 0.69 0.72 0.75 0.78 0.81 0.84 0.88 0.91 0.94 0.97 1.00 1.03 1.06 
1.09 1.12 1.16 1.19 1.22 1.25 1.28 0.31 0.38 0.41 0.44 0.47 0.50 0.53 0.56 0.59 0.62 0.66 0.69 0.72 
0.75 0.78 0.81 0.84 0.88 0.91 0.94 0.97 1.00 1.03 1.06 1.09 1.12 1.16 1.19 1.22 1.25 1.28 1.31 0.34 
0.41 0.44 0.47 0.50 0.53 0.56 0.59 0.62 0.66 0.69 0.72 0.75 0.78 0.81 0.84 0.88 0.91 0.94 0.97 1.00 
1.03 1.06 1.09 1.12 1.16 1.19 1.22 1.25 1.28 1.31 1.34 0.38 0.44 0.47 0.50 0.53 0.56 0.59 0.62 0.66 
0.69 0.72 0.75 0.78 0.81 0.84 0.88 0.91 0.94 0.97 1.00 1.03 1.06 1.09 1.12 1.16 1.19 1.22 1.25 1.28 
1.31 1.34 1.38 0.41 0.47 0.50 0.53 0.56 0.59 0.62 0.66 0.69 0.72 0.75 0.78 0.81 0.84 0.88 0.91 0.94 
0.97 1.00 1.03 1.06 1.09 1.12 1.16 1.19 1.22 1.25 1.28 1.31 1.34 1.38 1.41 0.44 0.50 0.53 0.56 0.59 
0.62 0.66 0.69 0.72 0.75 0.78 0.81 0.84 0.88 0.91 0.94 0.97 1.00 1.03 1.06 1.09 1.12 1.16 1.19 1.22 
1.25 1.28 1.31 1.34 1.38 1.41 1.44 0.47 0.53 0.56 0.59 0.62 0.66 0.69 0.72 0.75 0.78 0.81 0.84 0.88 
0.91 0.94 0.97 1.00 1.03 1.06 1.09 1.12 1.16 1.19 1.22 1.25 1.28 1.31 1.34 1.38 1.41 1.44 1.47 0.50 
0.56 0.59 0.62 0.66 0.69 0.72 0.75 0.78 0.81 0.84 0.88 0.91 0.94 0.97 1.00 1.03 1.06 1.09 1.12 1.16 
1.19 1.22 1.25 1.28 1.31 1.34 1.38 1.41 1.44 1.47 1.50 0.53 0.59 0.62 0.66 0.69 0.72 0.75 0.78 0.81 
0.84 0.88 0.91 0.94 0.97 1.00 1.03 1.06 1.09 1.12 1.16 1.19 1.22 1.25 1.28 1.31 1.34 1.38 1.41 1.44 
1.47 1.50 1.53 0.56 0.62 0.66 0.69 0.72 0.75 0.78 0.81 0.84 0.88 0.91 0.94 0.97 1.00 1.03 1.06 1.09 
1.12 1.16 1.19 1.22 1.25 1.28 1.31 1.34 1.38 1.41 1.44 1.47 1.50 1.53 1.56 0.59 0.66 0.69 0.72 0.75 
0.78 0.81 0.84 0.88 0.91 0.94 0.97 1.00 1.03 1.06 1.09 1.12 1.16 1.19 1.22 1.25 1.28 1.31 1.34 1.38 
1.41 1.44 1.47 1.50 1.53 1.56 1.59 0.62 0.69 0.72 0.75 0.78 0.81 0.84 0.88 0.91 0.94 0.97 1.00 1.03 
1.06 1.09 1.12 1.16 1.19 1.22 1.25 1.28 1.31 1.34 1.38 1.41 1.44 1.47 1.50 1.53 1.56 1.59 1.62 0.66 
0.72 0.75 0.78 0.81 0.84 0.88 0.91 0.94 0.97 1.00 1.03 1.06 1.09 1.12 1.16 1.19 1.22 1.25 1.28 1.31 
1.34 1.38 1.41 1.44 1.47 1.50 1.53 1.56 1.59 1.62 1.66 0.69 0.75 0.78 0.81 0.84 0.88 0.91 0.94 0.97 
1.00 1.03 1.06 1.09 1.12 1.16 1.19 1.22 1.25 1.28 1.31 1.34 1.38 1.41 1.44 1.47 1.50 1.53 1.56 1.59 
1.62 1.66 1.69 0.72 0.78 0.81 0.84 0.88 0.91 0.94 0.97 1.00 1.03 1.06 1.09 1.12 1.16 1.19 1.22 1.25 
1.28 1.31 1.34 1.38 1.41 1.44 1.47 1.50 1.53 1.56 1.59 1.62 1.66 1.69 1.72 0.75 0.81 0.84 0.88 0.91 
0.94 0.97 1.00 1.03 1.06 1.09 1.12 1.16 1.19 1.22 1.25 1.28 1.31 1.34 1.38 1.41 1.44 1.47 1.50 1.53 
1.56 1.59 1.62 1.66 1.69 1.72 1.75 0.78 0.84 0.88 0.91 0.94 0.97 1.00 1.03 1.06 1.09 1.12 1.16 1.19 
1.22 1.25 1.28 1.31 1.34 1.38 1.41 1.44 1.47 1.50 1.53 1.56 1.59 1.62 1.66 1.69 1.72 1.75 1.78 0.81 
0.88 0.91 0.94 0.97 1.00 1.03 1.06 1.09 1.12 1.16 1.19 1.22 1.25 1.28 1.31 1.34 1.38 1.41 1.44 1.47 
1.50 1.53 1.56 1.59 1.62 1.66 1.69 1.72 1.75 1.78 1.81 0.84 0.91 0.94 0.97 1.00 1.03 1.06 1.09 1.12 
1.16 1.19 1.22 1.25 1.28 1.31 1.34 1.38 1.41 1.44 1.47 1.50 1.53 1.56 1.59 1.62 1.66 1.69 1.72 1.75 
1.78 1.81 1.84 0.88 0.94 0.97 1.00 1.03 1.06 1.09 1.12 1.16 1.19 1.22 1.25 1.28 1.31 1.34 1.38 1.41 
1.44 1.47 1.50 1.53 1.56 1.59 1.62 1.66 1.69 1.72 1.75 1.78 1.81 1.84 1.88 0.91 0.97 1.00 1.03 1.06 
1.09 1.12 1.16 1.19 1.22 1.25 1.28 1.31 1.34 1.38 1.41 1.44 1.47 1.50 1.53 1.56 1.59 1.62 1.66 1.69 
1.72 1.75 1.78 1.81 1.84 1.88 1.91 0.94 1.00 1.03 1.06 1.09 1.12 1.16 1.19 1.22 1.25 1.28 1.31 1.34 
1.38 1.41 1.44 1.47 1.50 1.53 1.56 1.59 1.62 1.66 1.69 1.72 1.75 1.78 1.81 1.84 1.88 1.91 1.94 0.97 
1.03 1.06 1.09 1.12 1.16 1.19 1.22 1.25 1.28 1.31 1.34 1.38 1.41 1.44 1.47 1.50 1.53 1.56 1.59 1.62 
1.66 1.69 1.72 1.75 1.78 1.81 1.84 1.88 1.91 1.94 1.97 1.00 1.06 1.09 1.12 1.16 1.19 1.22 1.25 1.28 
1.31 1.34 1.38 1.41 1.44 1.47 1.50 1.53 1.56 1.59 1.62 1.66 1.69 1.72 1.75 1.78 1.81 1.84 1.88 1.91 
1.94 1.97 2.00 
