Write 0x97734C0 Read 0xBFC2F578 Line@ 92 
Write 0x97734C0 Read 0x97734C0 Read 0x9773180 Read 0x9773180 Line@ 94 
Write 0x97734C0 Read 0x97734C0 Read 0x97731D0 Read 0x97731D0 Line@ 94 
Write 0x97734C0 Read 0x97734C0 Read 0x9773220 Read 0x9773220 Line@ 94 
Write 0x97734C0 Read 0x97734C0 Read 0x9773270 Read 0x9773270 Line@ 94 
Write 0x97734C0 Read 0x97734C0 Read 0x97732C0 Read 0x97732C0 Line@ 94 
Write 0x97734C0 Read 0x97734C0 Read 0x9773310 Read 0x9773310 Line@ 94 
Write 0x97734C0 Read 0x97734C0 Read 0x9773360 Read 0x9773360 Line@ 94 
Write 0x97734C0 Read 0x97734C0 Read 0x97733B0 Read 0x97733B0 Line@ 94 
Write 0x97734C0 Read 0x97734C0 Read 0x9773400 Read 0x9773400 Line@ 94 
Write 0x97734C0 Read 0x97734C0 Read 0x9773450 Read 0x9773450 Line@ 94 
Write 0x97734C8 Read 0xBFC2F578 Line@ 92 
Write 0x97734C8 Read 0x97734C8 Read 0x9773180 Read 0x9773188 Line@ 94 
Write 0x97734C8 Read 0x97734C8 Read 0x97731D0 Read 0x97731D8 Line@ 94 
Write 0x97734C8 Read 0x97734C8 Read 0x9773220 Read 0x9773228 Line@ 94 
Write 0x97734C8 Read 0x97734C8 Read 0x9773270 Read 0x9773278 Line@ 94 
Write 0x97734C8 Read 0x97734C8 Read 0x97732C0 Read 0x97732C8 Line@ 94 
Write 0x97734C8 Read 0x97734C8 Read 0x9773310 Read 0x9773318 Line@ 94 
Write 0x97734C8 Read 0x97734C8 Read 0x9773360 Read 0x9773368 Line@ 94 
Write 0x97734C8 Read 0x97734C8 Read 0x97733B0 Read 0x97733B8 Line@ 94 
Write 0x97734C8 Read 0x97734C8 Read 0x9773400 Read 0x9773408 Line@ 94 
Write 0x97734C8 Read 0x97734C8 Read 0x9773450 Read 0x9773458 Line@ 94 
Write 0x97734D0 Read 0xBFC2F578 Line@ 92 
Write 0x97734D0 Read 0x97734D0 Read 0x9773180 Read 0x9773190 Line@ 94 
Write 0x97734D0 Read 0x97734D0 Read 0x97731D0 Read 0x97731E0 Line@ 94 
Write 0x97734D0 Read 0x97734D0 Read 0x9773220 Read 0x9773230 Line@ 94 
Write 0x97734D0 Read 0x97734D0 Read 0x9773270 Read 0x9773280 Line@ 94 
Write 0x97734D0 Read 0x97734D0 Read 0x97732C0 Read 0x97732D0 Line@ 94 
Write 0x97734D0 Read 0x97734D0 Read 0x9773310 Read 0x9773320 Line@ 94 
Write 0x97734D0 Read 0x97734D0 Read 0x9773360 Read 0x9773370 Line@ 94 
Write 0x97734D0 Read 0x97734D0 Read 0x97733B0 Read 0x97733C0 Line@ 94 
Write 0x97734D0 Read 0x97734D0 Read 0x9773400 Read 0x9773410 Line@ 94 
Write 0x97734D0 Read 0x97734D0 Read 0x9773450 Read 0x9773460 Line@ 94 
Write 0x97734D8 Read 0xBFC2F578 Line@ 92 
Write 0x97734D8 Read 0x97734D8 Read 0x9773180 Read 0x9773198 Line@ 94 
Write 0x97734D8 Read 0x97734D8 Read 0x97731D0 Read 0x97731E8 Line@ 94 
Write 0x97734D8 Read 0x97734D8 Read 0x9773220 Read 0x9773238 Line@ 94 
Write 0x97734D8 Read 0x97734D8 Read 0x9773270 Read 0x9773288 Line@ 94 
Write 0x97734D8 Read 0x97734D8 Read 0x97732C0 Read 0x97732D8 Line@ 94 
Write 0x97734D8 Read 0x97734D8 Read 0x9773310 Read 0x9773328 Line@ 94 
Write 0x97734D8 Read 0x97734D8 Read 0x9773360 Read 0x9773378 Line@ 94 
Write 0x97734D8 Read 0x97734D8 Read 0x97733B0 Read 0x97733C8 Line@ 94 
Write 0x97734D8 Read 0x97734D8 Read 0x9773400 Read 0x9773418 Line@ 94 
Write 0x97734D8 Read 0x97734D8 Read 0x9773450 Read 0x9773468 Line@ 94 
Write 0x97734E0 Read 0xBFC2F578 Line@ 92 
Write 0x97734E0 Read 0x97734E0 Read 0x9773180 Read 0x97731A0 Line@ 94 
Write 0x97734E0 Read 0x97734E0 Read 0x97731D0 Read 0x97731F0 Line@ 94 
Write 0x97734E0 Read 0x97734E0 Read 0x9773220 Read 0x9773240 Line@ 94 
Write 0x97734E0 Read 0x97734E0 Read 0x9773270 Read 0x9773290 Line@ 94 
Write 0x97734E0 Read 0x97734E0 Read 0x97732C0 Read 0x97732E0 Line@ 94 
Write 0x97734E0 Read 0x97734E0 Read 0x9773310 Read 0x9773330 Line@ 94 
Write 0x97734E0 Read 0x97734E0 Read 0x9773360 Read 0x9773380 Line@ 94 
Write 0x97734E0 Read 0x97734E0 Read 0x97733B0 Read 0x97733D0 Line@ 94 
Write 0x97734E0 Read 0x97734E0 Read 0x9773400 Read 0x9773420 Line@ 94 
Write 0x97734E0 Read 0x97734E0 Read 0x9773450 Read 0x9773470 Line@ 94 
Write 0x97734E8 Read 0xBFC2F578 Line@ 92 
Write 0x97734E8 Read 0x97734E8 Read 0x9773180 Read 0x97731A8 Line@ 94 
Write 0x97734E8 Read 0x97734E8 Read 0x97731D0 Read 0x97731F8 Line@ 94 
Write 0x97734E8 Read 0x97734E8 Read 0x9773220 Read 0x9773248 Line@ 94 
Write 0x97734E8 Read 0x97734E8 Read 0x9773270 Read 0x9773298 Line@ 94 
Write 0x97734E8 Read 0x97734E8 Read 0x97732C0 Read 0x97732E8 Line@ 94 
Write 0x97734E8 Read 0x97734E8 Read 0x9773310 Read 0x9773338 Line@ 94 
Write 0x97734E8 Read 0x97734E8 Read 0x9773360 Read 0x9773388 Line@ 94 
Write 0x97734E8 Read 0x97734E8 Read 0x97733B0 Read 0x97733D8 Line@ 94 
Write 0x97734E8 Read 0x97734E8 Read 0x9773400 Read 0x9773428 Line@ 94 
Write 0x97734E8 Read 0x97734E8 Read 0x9773450 Read 0x9773478 Line@ 94 
Write 0x97734F0 Read 0xBFC2F578 Line@ 92 
Write 0x97734F0 Read 0x97734F0 Read 0x9773180 Read 0x97731B0 Line@ 94 
Write 0x97734F0 Read 0x97734F0 Read 0x97731D0 Read 0x9773200 Line@ 94 
Write 0x97734F0 Read 0x97734F0 Read 0x9773220 Read 0x9773250 Line@ 94 
Write 0x97734F0 Read 0x97734F0 Read 0x9773270 Read 0x97732A0 Line@ 94 
Write 0x97734F0 Read 0x97734F0 Read 0x97732C0 Read 0x97732F0 Line@ 94 
Write 0x97734F0 Read 0x97734F0 Read 0x9773310 Read 0x9773340 Line@ 94 
Write 0x97734F0 Read 0x97734F0 Read 0x9773360 Read 0x9773390 Line@ 94 
Write 0x97734F0 Read 0x97734F0 Read 0x97733B0 Read 0x97733E0 Line@ 94 
Write 0x97734F0 Read 0x97734F0 Read 0x9773400 Read 0x9773430 Line@ 94 
Write 0x97734F0 Read 0x97734F0 Read 0x9773450 Read 0x9773480 Line@ 94 
Write 0x97734F8 Read 0xBFC2F578 Line@ 92 
Write 0x97734F8 Read 0x97734F8 Read 0x9773180 Read 0x97731B8 Line@ 94 
Write 0x97734F8 Read 0x97734F8 Read 0x97731D0 Read 0x9773208 Line@ 94 
Write 0x97734F8 Read 0x97734F8 Read 0x9773220 Read 0x9773258 Line@ 94 
Write 0x97734F8 Read 0x97734F8 Read 0x9773270 Read 0x97732A8 Line@ 94 
Write 0x97734F8 Read 0x97734F8 Read 0x97732C0 Read 0x97732F8 Line@ 94 
Write 0x97734F8 Read 0x97734F8 Read 0x9773310 Read 0x9773348 Line@ 94 
Write 0x97734F8 Read 0x97734F8 Read 0x9773360 Read 0x9773398 Line@ 94 
Write 0x97734F8 Read 0x97734F8 Read 0x97733B0 Read 0x97733E8 Line@ 94 
Write 0x97734F8 Read 0x97734F8 Read 0x9773400 Read 0x9773438 Line@ 94 
Write 0x97734F8 Read 0x97734F8 Read 0x9773450 Read 0x9773488 Line@ 94 
Write 0x9773500 Read 0xBFC2F578 Line@ 92 
Write 0x9773500 Read 0x9773500 Read 0x9773180 Read 0x97731C0 Line@ 94 
Write 0x9773500 Read 0x9773500 Read 0x97731D0 Read 0x9773210 Line@ 94 
Write 0x9773500 Read 0x9773500 Read 0x9773220 Read 0x9773260 Line@ 94 
Write 0x9773500 Read 0x9773500 Read 0x9773270 Read 0x97732B0 Line@ 94 
Write 0x9773500 Read 0x9773500 Read 0x97732C0 Read 0x9773300 Line@ 94 
Write 0x9773500 Read 0x9773500 Read 0x9773310 Read 0x9773350 Line@ 94 
Write 0x9773500 Read 0x9773500 Read 0x9773360 Read 0x97733A0 Line@ 94 
Write 0x9773500 Read 0x9773500 Read 0x97733B0 Read 0x97733F0 Line@ 94 
Write 0x9773500 Read 0x9773500 Read 0x9773400 Read 0x9773440 Line@ 94 
Write 0x9773500 Read 0x9773500 Read 0x9773450 Read 0x9773490 Line@ 94 
Write 0x9773508 Read 0xBFC2F578 Line@ 92 
Write 0x9773508 Read 0x9773508 Read 0x9773180 Read 0x97731C8 Line@ 94 
Write 0x9773508 Read 0x9773508 Read 0x97731D0 Read 0x9773218 Line@ 94 
Write 0x9773508 Read 0x9773508 Read 0x9773220 Read 0x9773268 Line@ 94 
Write 0x9773508 Read 0x9773508 Read 0x9773270 Read 0x97732B8 Line@ 94 
Write 0x9773508 Read 0x9773508 Read 0x97732C0 Read 0x9773308 Line@ 94 
Write 0x9773508 Read 0x9773508 Read 0x9773310 Read 0x9773358 Line@ 94 
Write 0x9773508 Read 0x9773508 Read 0x9773360 Read 0x97733A8 Line@ 94 
Write 0x9773508 Read 0x9773508 Read 0x97733B0 Read 0x97733F8 Line@ 94 
Write 0x9773508 Read 0x9773508 Read 0x9773400 Read 0x9773448 Line@ 94 
Write 0x9773508 Read 0x9773508 Read 0x9773450 Read 0x9773498 Line@ 94 
Write 0x9773518 Read 0xBFC2F578 Line@ 92 
Write 0x9773518 Read 0x9773518 Read 0x9773188 Read 0x9773188 Line@ 94 
Write 0x9773518 Read 0x9773518 Read 0x97731D8 Read 0x97731D8 Line@ 94 
Write 0x9773518 Read 0x9773518 Read 0x9773228 Read 0x9773228 Line@ 94 
Write 0x9773518 Read 0x9773518 Read 0x9773278 Read 0x9773278 Line@ 94 
Write 0x9773518 Read 0x9773518 Read 0x97732C8 Read 0x97732C8 Line@ 94 
Write 0x9773518 Read 0x9773518 Read 0x9773318 Read 0x9773318 Line@ 94 
Write 0x9773518 Read 0x9773518 Read 0x9773368 Read 0x9773368 Line@ 94 
Write 0x9773518 Read 0x9773518 Read 0x97733B8 Read 0x97733B8 Line@ 94 
Write 0x9773518 Read 0x9773518 Read 0x9773408 Read 0x9773408 Line@ 94 
Write 0x9773518 Read 0x9773518 Read 0x9773458 Read 0x9773458 Line@ 94 
Write 0x9773520 Read 0xBFC2F578 Line@ 92 
Write 0x9773520 Read 0x9773520 Read 0x9773188 Read 0x9773190 Line@ 94 
Write 0x9773520 Read 0x9773520 Read 0x97731D8 Read 0x97731E0 Line@ 94 
Write 0x9773520 Read 0x9773520 Read 0x9773228 Read 0x9773230 Line@ 94 
Write 0x9773520 Read 0x9773520 Read 0x9773278 Read 0x9773280 Line@ 94 
Write 0x9773520 Read 0x9773520 Read 0x97732C8 Read 0x97732D0 Line@ 94 
Write 0x9773520 Read 0x9773520 Read 0x9773318 Read 0x9773320 Line@ 94 
Write 0x9773520 Read 0x9773520 Read 0x9773368 Read 0x9773370 Line@ 94 
Write 0x9773520 Read 0x9773520 Read 0x97733B8 Read 0x97733C0 Line@ 94 
Write 0x9773520 Read 0x9773520 Read 0x9773408 Read 0x9773410 Line@ 94 
Write 0x9773520 Read 0x9773520 Read 0x9773458 Read 0x9773460 Line@ 94 
Write 0x9773528 Read 0xBFC2F578 Line@ 92 
Write 0x9773528 Read 0x9773528 Read 0x9773188 Read 0x9773198 Line@ 94 
Write 0x9773528 Read 0x9773528 Read 0x97731D8 Read 0x97731E8 Line@ 94 
Write 0x9773528 Read 0x9773528 Read 0x9773228 Read 0x9773238 Line@ 94 
Write 0x9773528 Read 0x9773528 Read 0x9773278 Read 0x9773288 Line@ 94 
Write 0x9773528 Read 0x9773528 Read 0x97732C8 Read 0x97732D8 Line@ 94 
Write 0x9773528 Read 0x9773528 Read 0x9773318 Read 0x9773328 Line@ 94 
Write 0x9773528 Read 0x9773528 Read 0x9773368 Read 0x9773378 Line@ 94 
Write 0x9773528 Read 0x9773528 Read 0x97733B8 Read 0x97733C8 Line@ 94 
Write 0x9773528 Read 0x9773528 Read 0x9773408 Read 0x9773418 Line@ 94 
Write 0x9773528 Read 0x9773528 Read 0x9773458 Read 0x9773468 Line@ 94 
Write 0x9773530 Read 0xBFC2F578 Line@ 92 
Write 0x9773530 Read 0x9773530 Read 0x9773188 Read 0x97731A0 Line@ 94 
Write 0x9773530 Read 0x9773530 Read 0x97731D8 Read 0x97731F0 Line@ 94 
Write 0x9773530 Read 0x9773530 Read 0x9773228 Read 0x9773240 Line@ 94 
Write 0x9773530 Read 0x9773530 Read 0x9773278 Read 0x9773290 Line@ 94 
Write 0x9773530 Read 0x9773530 Read 0x97732C8 Read 0x97732E0 Line@ 94 
Write 0x9773530 Read 0x9773530 Read 0x9773318 Read 0x9773330 Line@ 94 
Write 0x9773530 Read 0x9773530 Read 0x9773368 Read 0x9773380 Line@ 94 
Write 0x9773530 Read 0x9773530 Read 0x97733B8 Read 0x97733D0 Line@ 94 
Write 0x9773530 Read 0x9773530 Read 0x9773408 Read 0x9773420 Line@ 94 
Write 0x9773530 Read 0x9773530 Read 0x9773458 Read 0x9773470 Line@ 94 
Write 0x9773538 Read 0xBFC2F578 Line@ 92 
Write 0x9773538 Read 0x9773538 Read 0x9773188 Read 0x97731A8 Line@ 94 
Write 0x9773538 Read 0x9773538 Read 0x97731D8 Read 0x97731F8 Line@ 94 
Write 0x9773538 Read 0x9773538 Read 0x9773228 Read 0x9773248 Line@ 94 
Write 0x9773538 Read 0x9773538 Read 0x9773278 Read 0x9773298 Line@ 94 
Write 0x9773538 Read 0x9773538 Read 0x97732C8 Read 0x97732E8 Line@ 94 
Write 0x9773538 Read 0x9773538 Read 0x9773318 Read 0x9773338 Line@ 94 
Write 0x9773538 Read 0x9773538 Read 0x9773368 Read 0x9773388 Line@ 94 
Write 0x9773538 Read 0x9773538 Read 0x97733B8 Read 0x97733D8 Line@ 94 
Write 0x9773538 Read 0x9773538 Read 0x9773408 Read 0x9773428 Line@ 94 
Write 0x9773538 Read 0x9773538 Read 0x9773458 Read 0x9773478 Line@ 94 
Write 0x9773540 Read 0xBFC2F578 Line@ 92 
Write 0x9773540 Read 0x9773540 Read 0x9773188 Read 0x97731B0 Line@ 94 
Write 0x9773540 Read 0x9773540 Read 0x97731D8 Read 0x9773200 Line@ 94 
Write 0x9773540 Read 0x9773540 Read 0x9773228 Read 0x9773250 Line@ 94 
Write 0x9773540 Read 0x9773540 Read 0x9773278 Read 0x97732A0 Line@ 94 
Write 0x9773540 Read 0x9773540 Read 0x97732C8 Read 0x97732F0 Line@ 94 
Write 0x9773540 Read 0x9773540 Read 0x9773318 Read 0x9773340 Line@ 94 
Write 0x9773540 Read 0x9773540 Read 0x9773368 Read 0x9773390 Line@ 94 
Write 0x9773540 Read 0x9773540 Read 0x97733B8 Read 0x97733E0 Line@ 94 
Write 0x9773540 Read 0x9773540 Read 0x9773408 Read 0x9773430 Line@ 94 
Write 0x9773540 Read 0x9773540 Read 0x9773458 Read 0x9773480 Line@ 94 
Write 0x9773548 Read 0xBFC2F578 Line@ 92 
Write 0x9773548 Read 0x9773548 Read 0x9773188 Read 0x97731B8 Line@ 94 
Write 0x9773548 Read 0x9773548 Read 0x97731D8 Read 0x9773208 Line@ 94 
Write 0x9773548 Read 0x9773548 Read 0x9773228 Read 0x9773258 Line@ 94 
Write 0x9773548 Read 0x9773548 Read 0x9773278 Read 0x97732A8 Line@ 94 
Write 0x9773548 Read 0x9773548 Read 0x97732C8 Read 0x97732F8 Line@ 94 
Write 0x9773548 Read 0x9773548 Read 0x9773318 Read 0x9773348 Line@ 94 
Write 0x9773548 Read 0x9773548 Read 0x9773368 Read 0x9773398 Line@ 94 
Write 0x9773548 Read 0x9773548 Read 0x97733B8 Read 0x97733E8 Line@ 94 
Write 0x9773548 Read 0x9773548 Read 0x9773408 Read 0x9773438 Line@ 94 
Write 0x9773548 Read 0x9773548 Read 0x9773458 Read 0x9773488 Line@ 94 
Write 0x9773550 Read 0xBFC2F578 Line@ 92 
Write 0x9773550 Read 0x9773550 Read 0x9773188 Read 0x97731C0 Line@ 94 
Write 0x9773550 Read 0x9773550 Read 0x97731D8 Read 0x9773210 Line@ 94 
Write 0x9773550 Read 0x9773550 Read 0x9773228 Read 0x9773260 Line@ 94 
Write 0x9773550 Read 0x9773550 Read 0x9773278 Read 0x97732B0 Line@ 94 
Write 0x9773550 Read 0x9773550 Read 0x97732C8 Read 0x9773300 Line@ 94 
Write 0x9773550 Read 0x9773550 Read 0x9773318 Read 0x9773350 Line@ 94 
Write 0x9773550 Read 0x9773550 Read 0x9773368 Read 0x97733A0 Line@ 94 
Write 0x9773550 Read 0x9773550 Read 0x97733B8 Read 0x97733F0 Line@ 94 
Write 0x9773550 Read 0x9773550 Read 0x9773408 Read 0x9773440 Line@ 94 
Write 0x9773550 Read 0x9773550 Read 0x9773458 Read 0x9773490 Line@ 94 
Write 0x9773558 Read 0xBFC2F578 Line@ 92 
Write 0x9773558 Read 0x9773558 Read 0x9773188 Read 0x97731C8 Line@ 94 
Write 0x9773558 Read 0x9773558 Read 0x97731D8 Read 0x9773218 Line@ 94 
Write 0x9773558 Read 0x9773558 Read 0x9773228 Read 0x9773268 Line@ 94 
Write 0x9773558 Read 0x9773558 Read 0x9773278 Read 0x97732B8 Line@ 94 
Write 0x9773558 Read 0x9773558 Read 0x97732C8 Read 0x9773308 Line@ 94 
Write 0x9773558 Read 0x9773558 Read 0x9773318 Read 0x9773358 Line@ 94 
Write 0x9773558 Read 0x9773558 Read 0x9773368 Read 0x97733A8 Line@ 94 
Write 0x9773558 Read 0x9773558 Read 0x97733B8 Read 0x97733F8 Line@ 94 
Write 0x9773558 Read 0x9773558 Read 0x9773408 Read 0x9773448 Line@ 94 
Write 0x9773558 Read 0x9773558 Read 0x9773458 Read 0x9773498 Line@ 94 
Write 0x9773570 Read 0xBFC2F578 Line@ 92 
Write 0x9773570 Read 0x9773570 Read 0x9773190 Read 0x9773190 Line@ 94 
Write 0x9773570 Read 0x9773570 Read 0x97731E0 Read 0x97731E0 Line@ 94 
Write 0x9773570 Read 0x9773570 Read 0x9773230 Read 0x9773230 Line@ 94 
Write 0x9773570 Read 0x9773570 Read 0x9773280 Read 0x9773280 Line@ 94 
Write 0x9773570 Read 0x9773570 Read 0x97732D0 Read 0x97732D0 Line@ 94 
Write 0x9773570 Read 0x9773570 Read 0x9773320 Read 0x9773320 Line@ 94 
Write 0x9773570 Read 0x9773570 Read 0x9773370 Read 0x9773370 Line@ 94 
Write 0x9773570 Read 0x9773570 Read 0x97733C0 Read 0x97733C0 Line@ 94 
Write 0x9773570 Read 0x9773570 Read 0x9773410 Read 0x9773410 Line@ 94 
Write 0x9773570 Read 0x9773570 Read 0x9773460 Read 0x9773460 Line@ 94 
Write 0x9773578 Read 0xBFC2F578 Line@ 92 
Write 0x9773578 Read 0x9773578 Read 0x9773190 Read 0x9773198 Line@ 94 
Write 0x9773578 Read 0x9773578 Read 0x97731E0 Read 0x97731E8 Line@ 94 
Write 0x9773578 Read 0x9773578 Read 0x9773230 Read 0x9773238 Line@ 94 
Write 0x9773578 Read 0x9773578 Read 0x9773280 Read 0x9773288 Line@ 94 
Write 0x9773578 Read 0x9773578 Read 0x97732D0 Read 0x97732D8 Line@ 94 
Write 0x9773578 Read 0x9773578 Read 0x9773320 Read 0x9773328 Line@ 94 
Write 0x9773578 Read 0x9773578 Read 0x9773370 Read 0x9773378 Line@ 94 
Write 0x9773578 Read 0x9773578 Read 0x97733C0 Read 0x97733C8 Line@ 94 
Write 0x9773578 Read 0x9773578 Read 0x9773410 Read 0x9773418 Line@ 94 
Write 0x9773578 Read 0x9773578 Read 0x9773460 Read 0x9773468 Line@ 94 
Write 0x9773580 Read 0xBFC2F578 Line@ 92 
Write 0x9773580 Read 0x9773580 Read 0x9773190 Read 0x97731A0 Line@ 94 
Write 0x9773580 Read 0x9773580 Read 0x97731E0 Read 0x97731F0 Line@ 94 
Write 0x9773580 Read 0x9773580 Read 0x9773230 Read 0x9773240 Line@ 94 
Write 0x9773580 Read 0x9773580 Read 0x9773280 Read 0x9773290 Line@ 94 
Write 0x9773580 Read 0x9773580 Read 0x97732D0 Read 0x97732E0 Line@ 94 
Write 0x9773580 Read 0x9773580 Read 0x9773320 Read 0x9773330 Line@ 94 
Write 0x9773580 Read 0x9773580 Read 0x9773370 Read 0x9773380 Line@ 94 
Write 0x9773580 Read 0x9773580 Read 0x97733C0 Read 0x97733D0 Line@ 94 
Write 0x9773580 Read 0x9773580 Read 0x9773410 Read 0x9773420 Line@ 94 
Write 0x9773580 Read 0x9773580 Read 0x9773460 Read 0x9773470 Line@ 94 
Write 0x9773588 Read 0xBFC2F578 Line@ 92 
Write 0x9773588 Read 0x9773588 Read 0x9773190 Read 0x97731A8 Line@ 94 
Write 0x9773588 Read 0x9773588 Read 0x97731E0 Read 0x97731F8 Line@ 94 
Write 0x9773588 Read 0x9773588 Read 0x9773230 Read 0x9773248 Line@ 94 
Write 0x9773588 Read 0x9773588 Read 0x9773280 Read 0x9773298 Line@ 94 
Write 0x9773588 Read 0x9773588 Read 0x97732D0 Read 0x97732E8 Line@ 94 
Write 0x9773588 Read 0x9773588 Read 0x9773320 Read 0x9773338 Line@ 94 
Write 0x9773588 Read 0x9773588 Read 0x9773370 Read 0x9773388 Line@ 94 
Write 0x9773588 Read 0x9773588 Read 0x97733C0 Read 0x97733D8 Line@ 94 
Write 0x9773588 Read 0x9773588 Read 0x9773410 Read 0x9773428 Line@ 94 
Write 0x9773588 Read 0x9773588 Read 0x9773460 Read 0x9773478 Line@ 94 
Write 0x9773590 Read 0xBFC2F578 Line@ 92 
Write 0x9773590 Read 0x9773590 Read 0x9773190 Read 0x97731B0 Line@ 94 
Write 0x9773590 Read 0x9773590 Read 0x97731E0 Read 0x9773200 Line@ 94 
Write 0x9773590 Read 0x9773590 Read 0x9773230 Read 0x9773250 Line@ 94 
Write 0x9773590 Read 0x9773590 Read 0x9773280 Read 0x97732A0 Line@ 94 
Write 0x9773590 Read 0x9773590 Read 0x97732D0 Read 0x97732F0 Line@ 94 
Write 0x9773590 Read 0x9773590 Read 0x9773320 Read 0x9773340 Line@ 94 
Write 0x9773590 Read 0x9773590 Read 0x9773370 Read 0x9773390 Line@ 94 
Write 0x9773590 Read 0x9773590 Read 0x97733C0 Read 0x97733E0 Line@ 94 
Write 0x9773590 Read 0x9773590 Read 0x9773410 Read 0x9773430 Line@ 94 
Write 0x9773590 Read 0x9773590 Read 0x9773460 Read 0x9773480 Line@ 94 
Write 0x9773598 Read 0xBFC2F578 Line@ 92 
Write 0x9773598 Read 0x9773598 Read 0x9773190 Read 0x97731B8 Line@ 94 
Write 0x9773598 Read 0x9773598 Read 0x97731E0 Read 0x9773208 Line@ 94 
Write 0x9773598 Read 0x9773598 Read 0x9773230 Read 0x9773258 Line@ 94 
Write 0x9773598 Read 0x9773598 Read 0x9773280 Read 0x97732A8 Line@ 94 
Write 0x9773598 Read 0x9773598 Read 0x97732D0 Read 0x97732F8 Line@ 94 
Write 0x9773598 Read 0x9773598 Read 0x9773320 Read 0x9773348 Line@ 94 
Write 0x9773598 Read 0x9773598 Read 0x9773370 Read 0x9773398 Line@ 94 
Write 0x9773598 Read 0x9773598 Read 0x97733C0 Read 0x97733E8 Line@ 94 
Write 0x9773598 Read 0x9773598 Read 0x9773410 Read 0x9773438 Line@ 94 
Write 0x9773598 Read 0x9773598 Read 0x9773460 Read 0x9773488 Line@ 94 
Write 0x97735A0 Read 0xBFC2F578 Line@ 92 
Write 0x97735A0 Read 0x97735A0 Read 0x9773190 Read 0x97731C0 Line@ 94 
Write 0x97735A0 Read 0x97735A0 Read 0x97731E0 Read 0x9773210 Line@ 94 
Write 0x97735A0 Read 0x97735A0 Read 0x9773230 Read 0x9773260 Line@ 94 
Write 0x97735A0 Read 0x97735A0 Read 0x9773280 Read 0x97732B0 Line@ 94 
Write 0x97735A0 Read 0x97735A0 Read 0x97732D0 Read 0x9773300 Line@ 94 
Write 0x97735A0 Read 0x97735A0 Read 0x9773320 Read 0x9773350 Line@ 94 
Write 0x97735A0 Read 0x97735A0 Read 0x9773370 Read 0x97733A0 Line@ 94 
Write 0x97735A0 Read 0x97735A0 Read 0x97733C0 Read 0x97733F0 Line@ 94 
Write 0x97735A0 Read 0x97735A0 Read 0x9773410 Read 0x9773440 Line@ 94 
Write 0x97735A0 Read 0x97735A0 Read 0x9773460 Read 0x9773490 Line@ 94 
Write 0x97735A8 Read 0xBFC2F578 Line@ 92 
Write 0x97735A8 Read 0x97735A8 Read 0x9773190 Read 0x97731C8 Line@ 94 
Write 0x97735A8 Read 0x97735A8 Read 0x97731E0 Read 0x9773218 Line@ 94 
Write 0x97735A8 Read 0x97735A8 Read 0x9773230 Read 0x9773268 Line@ 94 
Write 0x97735A8 Read 0x97735A8 Read 0x9773280 Read 0x97732B8 Line@ 94 
Write 0x97735A8 Read 0x97735A8 Read 0x97732D0 Read 0x9773308 Line@ 94 
Write 0x97735A8 Read 0x97735A8 Read 0x9773320 Read 0x9773358 Line@ 94 
Write 0x97735A8 Read 0x97735A8 Read 0x9773370 Read 0x97733A8 Line@ 94 
Write 0x97735A8 Read 0x97735A8 Read 0x97733C0 Read 0x97733F8 Line@ 94 
Write 0x97735A8 Read 0x97735A8 Read 0x9773410 Read 0x9773448 Line@ 94 
Write 0x97735A8 Read 0x97735A8 Read 0x9773460 Read 0x9773498 Line@ 94 
Write 0x97735C8 Read 0xBFC2F578 Line@ 92 
Write 0x97735C8 Read 0x97735C8 Read 0x9773198 Read 0x9773198 Line@ 94 
Write 0x97735C8 Read 0x97735C8 Read 0x97731E8 Read 0x97731E8 Line@ 94 
Write 0x97735C8 Read 0x97735C8 Read 0x9773238 Read 0x9773238 Line@ 94 
Write 0x97735C8 Read 0x97735C8 Read 0x9773288 Read 0x9773288 Line@ 94 
Write 0x97735C8 Read 0x97735C8 Read 0x97732D8 Read 0x97732D8 Line@ 94 
Write 0x97735C8 Read 0x97735C8 Read 0x9773328 Read 0x9773328 Line@ 94 
Write 0x97735C8 Read 0x97735C8 Read 0x9773378 Read 0x9773378 Line@ 94 
Write 0x97735C8 Read 0x97735C8 Read 0x97733C8 Read 0x97733C8 Line@ 94 
Write 0x97735C8 Read 0x97735C8 Read 0x9773418 Read 0x9773418 Line@ 94 
Write 0x97735C8 Read 0x97735C8 Read 0x9773468 Read 0x9773468 Line@ 94 
Write 0x97735D0 Read 0xBFC2F578 Line@ 92 
Write 0x97735D0 Read 0x97735D0 Read 0x9773198 Read 0x97731A0 Line@ 94 
Write 0x97735D0 Read 0x97735D0 Read 0x97731E8 Read 0x97731F0 Line@ 94 
Write 0x97735D0 Read 0x97735D0 Read 0x9773238 Read 0x9773240 Line@ 94 
Write 0x97735D0 Read 0x97735D0 Read 0x9773288 Read 0x9773290 Line@ 94 
Write 0x97735D0 Read 0x97735D0 Read 0x97732D8 Read 0x97732E0 Line@ 94 
Write 0x97735D0 Read 0x97735D0 Read 0x9773328 Read 0x9773330 Line@ 94 
Write 0x97735D0 Read 0x97735D0 Read 0x9773378 Read 0x9773380 Line@ 94 
Write 0x97735D0 Read 0x97735D0 Read 0x97733C8 Read 0x97733D0 Line@ 94 
Write 0x97735D0 Read 0x97735D0 Read 0x9773418 Read 0x9773420 Line@ 94 
Write 0x97735D0 Read 0x97735D0 Read 0x9773468 Read 0x9773470 Line@ 94 
Write 0x97735D8 Read 0xBFC2F578 Line@ 92 
Write 0x97735D8 Read 0x97735D8 Read 0x9773198 Read 0x97731A8 Line@ 94 
Write 0x97735D8 Read 0x97735D8 Read 0x97731E8 Read 0x97731F8 Line@ 94 
Write 0x97735D8 Read 0x97735D8 Read 0x9773238 Read 0x9773248 Line@ 94 
Write 0x97735D8 Read 0x97735D8 Read 0x9773288 Read 0x9773298 Line@ 94 
Write 0x97735D8 Read 0x97735D8 Read 0x97732D8 Read 0x97732E8 Line@ 94 
Write 0x97735D8 Read 0x97735D8 Read 0x9773328 Read 0x9773338 Line@ 94 
Write 0x97735D8 Read 0x97735D8 Read 0x9773378 Read 0x9773388 Line@ 94 
Write 0x97735D8 Read 0x97735D8 Read 0x97733C8 Read 0x97733D8 Line@ 94 
Write 0x97735D8 Read 0x97735D8 Read 0x9773418 Read 0x9773428 Line@ 94 
Write 0x97735D8 Read 0x97735D8 Read 0x9773468 Read 0x9773478 Line@ 94 
Write 0x97735E0 Read 0xBFC2F578 Line@ 92 
Write 0x97735E0 Read 0x97735E0 Read 0x9773198 Read 0x97731B0 Line@ 94 
Write 0x97735E0 Read 0x97735E0 Read 0x97731E8 Read 0x9773200 Line@ 94 
Write 0x97735E0 Read 0x97735E0 Read 0x9773238 Read 0x9773250 Line@ 94 
Write 0x97735E0 Read 0x97735E0 Read 0x9773288 Read 0x97732A0 Line@ 94 
Write 0x97735E0 Read 0x97735E0 Read 0x97732D8 Read 0x97732F0 Line@ 94 
Write 0x97735E0 Read 0x97735E0 Read 0x9773328 Read 0x9773340 Line@ 94 
Write 0x97735E0 Read 0x97735E0 Read 0x9773378 Read 0x9773390 Line@ 94 
Write 0x97735E0 Read 0x97735E0 Read 0x97733C8 Read 0x97733E0 Line@ 94 
Write 0x97735E0 Read 0x97735E0 Read 0x9773418 Read 0x9773430 Line@ 94 
Write 0x97735E0 Read 0x97735E0 Read 0x9773468 Read 0x9773480 Line@ 94 
Write 0x97735E8 Read 0xBFC2F578 Line@ 92 
Write 0x97735E8 Read 0x97735E8 Read 0x9773198 Read 0x97731B8 Line@ 94 
Write 0x97735E8 Read 0x97735E8 Read 0x97731E8 Read 0x9773208 Line@ 94 
Write 0x97735E8 Read 0x97735E8 Read 0x9773238 Read 0x9773258 Line@ 94 
Write 0x97735E8 Read 0x97735E8 Read 0x9773288 Read 0x97732A8 Line@ 94 
Write 0x97735E8 Read 0x97735E8 Read 0x97732D8 Read 0x97732F8 Line@ 94 
Write 0x97735E8 Read 0x97735E8 Read 0x9773328 Read 0x9773348 Line@ 94 
Write 0x97735E8 Read 0x97735E8 Read 0x9773378 Read 0x9773398 Line@ 94 
Write 0x97735E8 Read 0x97735E8 Read 0x97733C8 Read 0x97733E8 Line@ 94 
Write 0x97735E8 Read 0x97735E8 Read 0x9773418 Read 0x9773438 Line@ 94 
Write 0x97735E8 Read 0x97735E8 Read 0x9773468 Read 0x9773488 Line@ 94 
Write 0x97735F0 Read 0xBFC2F578 Line@ 92 
Write 0x97735F0 Read 0x97735F0 Read 0x9773198 Read 0x97731C0 Line@ 94 
Write 0x97735F0 Read 0x97735F0 Read 0x97731E8 Read 0x9773210 Line@ 94 
Write 0x97735F0 Read 0x97735F0 Read 0x9773238 Read 0x9773260 Line@ 94 
Write 0x97735F0 Read 0x97735F0 Read 0x9773288 Read 0x97732B0 Line@ 94 
Write 0x97735F0 Read 0x97735F0 Read 0x97732D8 Read 0x9773300 Line@ 94 
Write 0x97735F0 Read 0x97735F0 Read 0x9773328 Read 0x9773350 Line@ 94 
Write 0x97735F0 Read 0x97735F0 Read 0x9773378 Read 0x97733A0 Line@ 94 
Write 0x97735F0 Read 0x97735F0 Read 0x97733C8 Read 0x97733F0 Line@ 94 
Write 0x97735F0 Read 0x97735F0 Read 0x9773418 Read 0x9773440 Line@ 94 
Write 0x97735F0 Read 0x97735F0 Read 0x9773468 Read 0x9773490 Line@ 94 
Write 0x97735F8 Read 0xBFC2F578 Line@ 92 
Write 0x97735F8 Read 0x97735F8 Read 0x9773198 Read 0x97731C8 Line@ 94 
Write 0x97735F8 Read 0x97735F8 Read 0x97731E8 Read 0x9773218 Line@ 94 
Write 0x97735F8 Read 0x97735F8 Read 0x9773238 Read 0x9773268 Line@ 94 
Write 0x97735F8 Read 0x97735F8 Read 0x9773288 Read 0x97732B8 Line@ 94 
Write 0x97735F8 Read 0x97735F8 Read 0x97732D8 Read 0x9773308 Line@ 94 
Write 0x97735F8 Read 0x97735F8 Read 0x9773328 Read 0x9773358 Line@ 94 
Write 0x97735F8 Read 0x97735F8 Read 0x9773378 Read 0x97733A8 Line@ 94 
Write 0x97735F8 Read 0x97735F8 Read 0x97733C8 Read 0x97733F8 Line@ 94 
Write 0x97735F8 Read 0x97735F8 Read 0x9773418 Read 0x9773448 Line@ 94 
Write 0x97735F8 Read 0x97735F8 Read 0x9773468 Read 0x9773498 Line@ 94 
Write 0x9773620 Read 0xBFC2F578 Line@ 92 
Write 0x9773620 Read 0x9773620 Read 0x97731A0 Read 0x97731A0 Line@ 94 
Write 0x9773620 Read 0x9773620 Read 0x97731F0 Read 0x97731F0 Line@ 94 
Write 0x9773620 Read 0x9773620 Read 0x9773240 Read 0x9773240 Line@ 94 
Write 0x9773620 Read 0x9773620 Read 0x9773290 Read 0x9773290 Line@ 94 
Write 0x9773620 Read 0x9773620 Read 0x97732E0 Read 0x97732E0 Line@ 94 
Write 0x9773620 Read 0x9773620 Read 0x9773330 Read 0x9773330 Line@ 94 
Write 0x9773620 Read 0x9773620 Read 0x9773380 Read 0x9773380 Line@ 94 
Write 0x9773620 Read 0x9773620 Read 0x97733D0 Read 0x97733D0 Line@ 94 
Write 0x9773620 Read 0x9773620 Read 0x9773420 Read 0x9773420 Line@ 94 
Write 0x9773620 Read 0x9773620 Read 0x9773470 Read 0x9773470 Line@ 94 
Write 0x9773628 Read 0xBFC2F578 Line@ 92 
Write 0x9773628 Read 0x9773628 Read 0x97731A0 Read 0x97731A8 Line@ 94 
Write 0x9773628 Read 0x9773628 Read 0x97731F0 Read 0x97731F8 Line@ 94 
Write 0x9773628 Read 0x9773628 Read 0x9773240 Read 0x9773248 Line@ 94 
Write 0x9773628 Read 0x9773628 Read 0x9773290 Read 0x9773298 Line@ 94 
Write 0x9773628 Read 0x9773628 Read 0x97732E0 Read 0x97732E8 Line@ 94 
Write 0x9773628 Read 0x9773628 Read 0x9773330 Read 0x9773338 Line@ 94 
Write 0x9773628 Read 0x9773628 Read 0x9773380 Read 0x9773388 Line@ 94 
Write 0x9773628 Read 0x9773628 Read 0x97733D0 Read 0x97733D8 Line@ 94 
Write 0x9773628 Read 0x9773628 Read 0x9773420 Read 0x9773428 Line@ 94 
Write 0x9773628 Read 0x9773628 Read 0x9773470 Read 0x9773478 Line@ 94 
Write 0x9773630 Read 0xBFC2F578 Line@ 92 
Write 0x9773630 Read 0x9773630 Read 0x97731A0 Read 0x97731B0 Line@ 94 
Write 0x9773630 Read 0x9773630 Read 0x97731F0 Read 0x9773200 Line@ 94 
Write 0x9773630 Read 0x9773630 Read 0x9773240 Read 0x9773250 Line@ 94 
Write 0x9773630 Read 0x9773630 Read 0x9773290 Read 0x97732A0 Line@ 94 
Write 0x9773630 Read 0x9773630 Read 0x97732E0 Read 0x97732F0 Line@ 94 
Write 0x9773630 Read 0x9773630 Read 0x9773330 Read 0x9773340 Line@ 94 
Write 0x9773630 Read 0x9773630 Read 0x9773380 Read 0x9773390 Line@ 94 
Write 0x9773630 Read 0x9773630 Read 0x97733D0 Read 0x97733E0 Line@ 94 
Write 0x9773630 Read 0x9773630 Read 0x9773420 Read 0x9773430 Line@ 94 
Write 0x9773630 Read 0x9773630 Read 0x9773470 Read 0x9773480 Line@ 94 
Write 0x9773638 Read 0xBFC2F578 Line@ 92 
Write 0x9773638 Read 0x9773638 Read 0x97731A0 Read 0x97731B8 Line@ 94 
Write 0x9773638 Read 0x9773638 Read 0x97731F0 Read 0x9773208 Line@ 94 
Write 0x9773638 Read 0x9773638 Read 0x9773240 Read 0x9773258 Line@ 94 
Write 0x9773638 Read 0x9773638 Read 0x9773290 Read 0x97732A8 Line@ 94 
Write 0x9773638 Read 0x9773638 Read 0x97732E0 Read 0x97732F8 Line@ 94 
Write 0x9773638 Read 0x9773638 Read 0x9773330 Read 0x9773348 Line@ 94 
Write 0x9773638 Read 0x9773638 Read 0x9773380 Read 0x9773398 Line@ 94 
Write 0x9773638 Read 0x9773638 Read 0x97733D0 Read 0x97733E8 Line@ 94 
Write 0x9773638 Read 0x9773638 Read 0x9773420 Read 0x9773438 Line@ 94 
Write 0x9773638 Read 0x9773638 Read 0x9773470 Read 0x9773488 Line@ 94 
Write 0x9773640 Read 0xBFC2F578 Line@ 92 
Write 0x9773640 Read 0x9773640 Read 0x97731A0 Read 0x97731C0 Line@ 94 
Write 0x9773640 Read 0x9773640 Read 0x97731F0 Read 0x9773210 Line@ 94 
Write 0x9773640 Read 0x9773640 Read 0x9773240 Read 0x9773260 Line@ 94 
Write 0x9773640 Read 0x9773640 Read 0x9773290 Read 0x97732B0 Line@ 94 
Write 0x9773640 Read 0x9773640 Read 0x97732E0 Read 0x9773300 Line@ 94 
Write 0x9773640 Read 0x9773640 Read 0x9773330 Read 0x9773350 Line@ 94 
Write 0x9773640 Read 0x9773640 Read 0x9773380 Read 0x97733A0 Line@ 94 
Write 0x9773640 Read 0x9773640 Read 0x97733D0 Read 0x97733F0 Line@ 94 
Write 0x9773640 Read 0x9773640 Read 0x9773420 Read 0x9773440 Line@ 94 
Write 0x9773640 Read 0x9773640 Read 0x9773470 Read 0x9773490 Line@ 94 
Write 0x9773648 Read 0xBFC2F578 Line@ 92 
Write 0x9773648 Read 0x9773648 Read 0x97731A0 Read 0x97731C8 Line@ 94 
Write 0x9773648 Read 0x9773648 Read 0x97731F0 Read 0x9773218 Line@ 94 
Write 0x9773648 Read 0x9773648 Read 0x9773240 Read 0x9773268 Line@ 94 
Write 0x9773648 Read 0x9773648 Read 0x9773290 Read 0x97732B8 Line@ 94 
Write 0x9773648 Read 0x9773648 Read 0x97732E0 Read 0x9773308 Line@ 94 
Write 0x9773648 Read 0x9773648 Read 0x9773330 Read 0x9773358 Line@ 94 
Write 0x9773648 Read 0x9773648 Read 0x9773380 Read 0x97733A8 Line@ 94 
Write 0x9773648 Read 0x9773648 Read 0x97733D0 Read 0x97733F8 Line@ 94 
Write 0x9773648 Read 0x9773648 Read 0x9773420 Read 0x9773448 Line@ 94 
Write 0x9773648 Read 0x9773648 Read 0x9773470 Read 0x9773498 Line@ 94 
Write 0x9773678 Read 0xBFC2F578 Line@ 92 
Write 0x9773678 Read 0x9773678 Read 0x97731A8 Read 0x97731A8 Line@ 94 
Write 0x9773678 Read 0x9773678 Read 0x97731F8 Read 0x97731F8 Line@ 94 
Write 0x9773678 Read 0x9773678 Read 0x9773248 Read 0x9773248 Line@ 94 
Write 0x9773678 Read 0x9773678 Read 0x9773298 Read 0x9773298 Line@ 94 
Write 0x9773678 Read 0x9773678 Read 0x97732E8 Read 0x97732E8 Line@ 94 
Write 0x9773678 Read 0x9773678 Read 0x9773338 Read 0x9773338 Line@ 94 
Write 0x9773678 Read 0x9773678 Read 0x9773388 Read 0x9773388 Line@ 94 
Write 0x9773678 Read 0x9773678 Read 0x97733D8 Read 0x97733D8 Line@ 94 
Write 0x9773678 Read 0x9773678 Read 0x9773428 Read 0x9773428 Line@ 94 
Write 0x9773678 Read 0x9773678 Read 0x9773478 Read 0x9773478 Line@ 94 
Write 0x9773680 Read 0xBFC2F578 Line@ 92 
Write 0x9773680 Read 0x9773680 Read 0x97731A8 Read 0x97731B0 Line@ 94 
Write 0x9773680 Read 0x9773680 Read 0x97731F8 Read 0x9773200 Line@ 94 
Write 0x9773680 Read 0x9773680 Read 0x9773248 Read 0x9773250 Line@ 94 
Write 0x9773680 Read 0x9773680 Read 0x9773298 Read 0x97732A0 Line@ 94 
Write 0x9773680 Read 0x9773680 Read 0x97732E8 Read 0x97732F0 Line@ 94 
Write 0x9773680 Read 0x9773680 Read 0x9773338 Read 0x9773340 Line@ 94 
Write 0x9773680 Read 0x9773680 Read 0x9773388 Read 0x9773390 Line@ 94 
Write 0x9773680 Read 0x9773680 Read 0x97733D8 Read 0x97733E0 Line@ 94 
Write 0x9773680 Read 0x9773680 Read 0x9773428 Read 0x9773430 Line@ 94 
Write 0x9773680 Read 0x9773680 Read 0x9773478 Read 0x9773480 Line@ 94 
Write 0x9773688 Read 0xBFC2F578 Line@ 92 
Write 0x9773688 Read 0x9773688 Read 0x97731A8 Read 0x97731B8 Line@ 94 
Write 0x9773688 Read 0x9773688 Read 0x97731F8 Read 0x9773208 Line@ 94 
Write 0x9773688 Read 0x9773688 Read 0x9773248 Read 0x9773258 Line@ 94 
Write 0x9773688 Read 0x9773688 Read 0x9773298 Read 0x97732A8 Line@ 94 
Write 0x9773688 Read 0x9773688 Read 0x97732E8 Read 0x97732F8 Line@ 94 
Write 0x9773688 Read 0x9773688 Read 0x9773338 Read 0x9773348 Line@ 94 
Write 0x9773688 Read 0x9773688 Read 0x9773388 Read 0x9773398 Line@ 94 
Write 0x9773688 Read 0x9773688 Read 0x97733D8 Read 0x97733E8 Line@ 94 
Write 0x9773688 Read 0x9773688 Read 0x9773428 Read 0x9773438 Line@ 94 
Write 0x9773688 Read 0x9773688 Read 0x9773478 Read 0x9773488 Line@ 94 
Write 0x9773690 Read 0xBFC2F578 Line@ 92 
Write 0x9773690 Read 0x9773690 Read 0x97731A8 Read 0x97731C0 Line@ 94 
Write 0x9773690 Read 0x9773690 Read 0x97731F8 Read 0x9773210 Line@ 94 
Write 0x9773690 Read 0x9773690 Read 0x9773248 Read 0x9773260 Line@ 94 
Write 0x9773690 Read 0x9773690 Read 0x9773298 Read 0x97732B0 Line@ 94 
Write 0x9773690 Read 0x9773690 Read 0x97732E8 Read 0x9773300 Line@ 94 
Write 0x9773690 Read 0x9773690 Read 0x9773338 Read 0x9773350 Line@ 94 
Write 0x9773690 Read 0x9773690 Read 0x9773388 Read 0x97733A0 Line@ 94 
Write 0x9773690 Read 0x9773690 Read 0x97733D8 Read 0x97733F0 Line@ 94 
Write 0x9773690 Read 0x9773690 Read 0x9773428 Read 0x9773440 Line@ 94 
Write 0x9773690 Read 0x9773690 Read 0x9773478 Read 0x9773490 Line@ 94 
Write 0x9773698 Read 0xBFC2F578 Line@ 92 
Write 0x9773698 Read 0x9773698 Read 0x97731A8 Read 0x97731C8 Line@ 94 
Write 0x9773698 Read 0x9773698 Read 0x97731F8 Read 0x9773218 Line@ 94 
Write 0x9773698 Read 0x9773698 Read 0x9773248 Read 0x9773268 Line@ 94 
Write 0x9773698 Read 0x9773698 Read 0x9773298 Read 0x97732B8 Line@ 94 
Write 0x9773698 Read 0x9773698 Read 0x97732E8 Read 0x9773308 Line@ 94 
Write 0x9773698 Read 0x9773698 Read 0x9773338 Read 0x9773358 Line@ 94 
Write 0x9773698 Read 0x9773698 Read 0x9773388 Read 0x97733A8 Line@ 94 
Write 0x9773698 Read 0x9773698 Read 0x97733D8 Read 0x97733F8 Line@ 94 
Write 0x9773698 Read 0x9773698 Read 0x9773428 Read 0x9773448 Line@ 94 
Write 0x9773698 Read 0x9773698 Read 0x9773478 Read 0x9773498 Line@ 94 
Write 0x97736D0 Read 0xBFC2F578 Line@ 92 
Write 0x97736D0 Read 0x97736D0 Read 0x97731B0 Read 0x97731B0 Line@ 94 
Write 0x97736D0 Read 0x97736D0 Read 0x9773200 Read 0x9773200 Line@ 94 
Write 0x97736D0 Read 0x97736D0 Read 0x9773250 Read 0x9773250 Line@ 94 
Write 0x97736D0 Read 0x97736D0 Read 0x97732A0 Read 0x97732A0 Line@ 94 
Write 0x97736D0 Read 0x97736D0 Read 0x97732F0 Read 0x97732F0 Line@ 94 
Write 0x97736D0 Read 0x97736D0 Read 0x9773340 Read 0x9773340 Line@ 94 
Write 0x97736D0 Read 0x97736D0 Read 0x9773390 Read 0x9773390 Line@ 94 
Write 0x97736D0 Read 0x97736D0 Read 0x97733E0 Read 0x97733E0 Line@ 94 
Write 0x97736D0 Read 0x97736D0 Read 0x9773430 Read 0x9773430 Line@ 94 
Write 0x97736D0 Read 0x97736D0 Read 0x9773480 Read 0x9773480 Line@ 94 
Write 0x97736D8 Read 0xBFC2F578 Line@ 92 
Write 0x97736D8 Read 0x97736D8 Read 0x97731B0 Read 0x97731B8 Line@ 94 
Write 0x97736D8 Read 0x97736D8 Read 0x9773200 Read 0x9773208 Line@ 94 
Write 0x97736D8 Read 0x97736D8 Read 0x9773250 Read 0x9773258 Line@ 94 
Write 0x97736D8 Read 0x97736D8 Read 0x97732A0 Read 0x97732A8 Line@ 94 
Write 0x97736D8 Read 0x97736D8 Read 0x97732F0 Read 0x97732F8 Line@ 94 
Write 0x97736D8 Read 0x97736D8 Read 0x9773340 Read 0x9773348 Line@ 94 
Write 0x97736D8 Read 0x97736D8 Read 0x9773390 Read 0x9773398 Line@ 94 
Write 0x97736D8 Read 0x97736D8 Read 0x97733E0 Read 0x97733E8 Line@ 94 
Write 0x97736D8 Read 0x97736D8 Read 0x9773430 Read 0x9773438 Line@ 94 
Write 0x97736D8 Read 0x97736D8 Read 0x9773480 Read 0x9773488 Line@ 94 
Write 0x97736E0 Read 0xBFC2F578 Line@ 92 
Write 0x97736E0 Read 0x97736E0 Read 0x97731B0 Read 0x97731C0 Line@ 94 
Write 0x97736E0 Read 0x97736E0 Read 0x9773200 Read 0x9773210 Line@ 94 
Write 0x97736E0 Read 0x97736E0 Read 0x9773250 Read 0x9773260 Line@ 94 
Write 0x97736E0 Read 0x97736E0 Read 0x97732A0 Read 0x97732B0 Line@ 94 
Write 0x97736E0 Read 0x97736E0 Read 0x97732F0 Read 0x9773300 Line@ 94 
Write 0x97736E0 Read 0x97736E0 Read 0x9773340 Read 0x9773350 Line@ 94 
Write 0x97736E0 Read 0x97736E0 Read 0x9773390 Read 0x97733A0 Line@ 94 
Write 0x97736E0 Read 0x97736E0 Read 0x97733E0 Read 0x97733F0 Line@ 94 
Write 0x97736E0 Read 0x97736E0 Read 0x9773430 Read 0x9773440 Line@ 94 
Write 0x97736E0 Read 0x97736E0 Read 0x9773480 Read 0x9773490 Line@ 94 
Write 0x97736E8 Read 0xBFC2F578 Line@ 92 
Write 0x97736E8 Read 0x97736E8 Read 0x97731B0 Read 0x97731C8 Line@ 94 
Write 0x97736E8 Read 0x97736E8 Read 0x9773200 Read 0x9773218 Line@ 94 
Write 0x97736E8 Read 0x97736E8 Read 0x9773250 Read 0x9773268 Line@ 94 
Write 0x97736E8 Read 0x97736E8 Read 0x97732A0 Read 0x97732B8 Line@ 94 
Write 0x97736E8 Read 0x97736E8 Read 0x97732F0 Read 0x9773308 Line@ 94 
Write 0x97736E8 Read 0x97736E8 Read 0x9773340 Read 0x9773358 Line@ 94 
Write 0x97736E8 Read 0x97736E8 Read 0x9773390 Read 0x97733A8 Line@ 94 
Write 0x97736E8 Read 0x97736E8 Read 0x97733E0 Read 0x97733F8 Line@ 94 
Write 0x97736E8 Read 0x97736E8 Read 0x9773430 Read 0x9773448 Line@ 94 
Write 0x97736E8 Read 0x97736E8 Read 0x9773480 Read 0x9773498 Line@ 94 
Write 0x9773728 Read 0xBFC2F578 Line@ 92 
Write 0x9773728 Read 0x9773728 Read 0x97731B8 Read 0x97731B8 Line@ 94 
Write 0x9773728 Read 0x9773728 Read 0x9773208 Read 0x9773208 Line@ 94 
Write 0x9773728 Read 0x9773728 Read 0x9773258 Read 0x9773258 Line@ 94 
Write 0x9773728 Read 0x9773728 Read 0x97732A8 Read 0x97732A8 Line@ 94 
Write 0x9773728 Read 0x9773728 Read 0x97732F8 Read 0x97732F8 Line@ 94 
Write 0x9773728 Read 0x9773728 Read 0x9773348 Read 0x9773348 Line@ 94 
Write 0x9773728 Read 0x9773728 Read 0x9773398 Read 0x9773398 Line@ 94 
Write 0x9773728 Read 0x9773728 Read 0x97733E8 Read 0x97733E8 Line@ 94 
Write 0x9773728 Read 0x9773728 Read 0x9773438 Read 0x9773438 Line@ 94 
Write 0x9773728 Read 0x9773728 Read 0x9773488 Read 0x9773488 Line@ 94 
Write 0x9773730 Read 0xBFC2F578 Line@ 92 
Write 0x9773730 Read 0x9773730 Read 0x97731B8 Read 0x97731C0 Line@ 94 
Write 0x9773730 Read 0x9773730 Read 0x9773208 Read 0x9773210 Line@ 94 
Write 0x9773730 Read 0x9773730 Read 0x9773258 Read 0x9773260 Line@ 94 
Write 0x9773730 Read 0x9773730 Read 0x97732A8 Read 0x97732B0 Line@ 94 
Write 0x9773730 Read 0x9773730 Read 0x97732F8 Read 0x9773300 Line@ 94 
Write 0x9773730 Read 0x9773730 Read 0x9773348 Read 0x9773350 Line@ 94 
Write 0x9773730 Read 0x9773730 Read 0x9773398 Read 0x97733A0 Line@ 94 
Write 0x9773730 Read 0x9773730 Read 0x97733E8 Read 0x97733F0 Line@ 94 
Write 0x9773730 Read 0x9773730 Read 0x9773438 Read 0x9773440 Line@ 94 
Write 0x9773730 Read 0x9773730 Read 0x9773488 Read 0x9773490 Line@ 94 
Write 0x9773738 Read 0xBFC2F578 Line@ 92 
Write 0x9773738 Read 0x9773738 Read 0x97731B8 Read 0x97731C8 Line@ 94 
Write 0x9773738 Read 0x9773738 Read 0x9773208 Read 0x9773218 Line@ 94 
Write 0x9773738 Read 0x9773738 Read 0x9773258 Read 0x9773268 Line@ 94 
Write 0x9773738 Read 0x9773738 Read 0x97732A8 Read 0x97732B8 Line@ 94 
Write 0x9773738 Read 0x9773738 Read 0x97732F8 Read 0x9773308 Line@ 94 
Write 0x9773738 Read 0x9773738 Read 0x9773348 Read 0x9773358 Line@ 94 
Write 0x9773738 Read 0x9773738 Read 0x9773398 Read 0x97733A8 Line@ 94 
Write 0x9773738 Read 0x9773738 Read 0x97733E8 Read 0x97733F8 Line@ 94 
Write 0x9773738 Read 0x9773738 Read 0x9773438 Read 0x9773448 Line@ 94 
Write 0x9773738 Read 0x9773738 Read 0x9773488 Read 0x9773498 Line@ 94 
Write 0x9773780 Read 0xBFC2F578 Line@ 92 
Write 0x9773780 Read 0x9773780 Read 0x97731C0 Read 0x97731C0 Line@ 94 
Write 0x9773780 Read 0x9773780 Read 0x9773210 Read 0x9773210 Line@ 94 
Write 0x9773780 Read 0x9773780 Read 0x9773260 Read 0x9773260 Line@ 94 
Write 0x9773780 Read 0x9773780 Read 0x97732B0 Read 0x97732B0 Line@ 94 
Write 0x9773780 Read 0x9773780 Read 0x9773300 Read 0x9773300 Line@ 94 
Write 0x9773780 Read 0x9773780 Read 0x9773350 Read 0x9773350 Line@ 94 
Write 0x9773780 Read 0x9773780 Read 0x97733A0 Read 0x97733A0 Line@ 94 
Write 0x9773780 Read 0x9773780 Read 0x97733F0 Read 0x97733F0 Line@ 94 
Write 0x9773780 Read 0x9773780 Read 0x9773440 Read 0x9773440 Line@ 94 
Write 0x9773780 Read 0x9773780 Read 0x9773490 Read 0x9773490 Line@ 94 
Write 0x9773788 Read 0xBFC2F578 Line@ 92 
Write 0x9773788 Read 0x9773788 Read 0x97731C0 Read 0x97731C8 Line@ 94 
Write 0x9773788 Read 0x9773788 Read 0x9773210 Read 0x9773218 Line@ 94 
Write 0x9773788 Read 0x9773788 Read 0x9773260 Read 0x9773268 Line@ 94 
Write 0x9773788 Read 0x9773788 Read 0x97732B0 Read 0x97732B8 Line@ 94 
Write 0x9773788 Read 0x9773788 Read 0x9773300 Read 0x9773308 Line@ 94 
Write 0x9773788 Read 0x9773788 Read 0x9773350 Read 0x9773358 Line@ 94 
Write 0x9773788 Read 0x9773788 Read 0x97733A0 Read 0x97733A8 Line@ 94 
Write 0x9773788 Read 0x9773788 Read 0x97733F0 Read 0x97733F8 Line@ 94 
Write 0x9773788 Read 0x9773788 Read 0x9773440 Read 0x9773448 Line@ 94 
Write 0x9773788 Read 0x9773788 Read 0x9773490 Read 0x9773498 Line@ 94 
Write 0x97737D8 Read 0xBFC2F578 Line@ 92 
Write 0x97737D8 Read 0x97737D8 Read 0x97731C8 Read 0x97731C8 Line@ 94 
Write 0x97737D8 Read 0x97737D8 Read 0x9773218 Read 0x9773218 Line@ 94 
Write 0x97737D8 Read 0x97737D8 Read 0x9773268 Read 0x9773268 Line@ 94 
Write 0x97737D8 Read 0x97737D8 Read 0x97732B8 Read 0x97732B8 Line@ 94 
Write 0x97737D8 Read 0x97737D8 Read 0x9773308 Read 0x9773308 Line@ 94 
Write 0x97737D8 Read 0x97737D8 Read 0x9773358 Read 0x9773358 Line@ 94 
Write 0x97737D8 Read 0x97737D8 Read 0x97733A8 Read 0x97733A8 Line@ 94 
Write 0x97737D8 Read 0x97737D8 Read 0x97733F8 Read 0x97733F8 Line@ 94 
Write 0x97737D8 Read 0x97737D8 Read 0x9773448 Read 0x9773448 Line@ 94 
Write 0x97737D8 Read 0x97737D8 Read 0x9773498 Read 0x9773498 Line@ 94 
