Write 0x81E04C0 Read 0xBFBA74A0 Line@ 92 
Write 0x81E04C8 Read 0xBFBA74A0 Line@ 92 
Write 0x81E04D0 Read 0xBFBA74A0 Line@ 92 
Write 0x81E04D8 Read 0xBFBA74A0 Line@ 92 
Write 0x81E04E0 Read 0xBFBA74A0 Line@ 92 
Write 0x81E04E8 Read 0xBFBA74A0 Line@ 92 
Write 0x81E04F0 Read 0xBFBA74A0 Line@ 92 
Write 0x81E04F8 Read 0xBFBA74A0 Line@ 92 
Write 0x81E0500 Read 0xBFBA74A0 Line@ 92 
Write 0x81E0508 Read 0xBFBA74A0 Line@ 92 
Write 0x81E0518 Read 0xBFBA74A0 Line@ 92 
Write 0x81E0520 Read 0xBFBA74A0 Line@ 92 
Write 0x81E0528 Read 0xBFBA74A0 Line@ 92 
Write 0x81E0530 Read 0xBFBA74A0 Line@ 92 
Write 0x81E0538 Read 0xBFBA74A0 Line@ 92 
Write 0x81E0540 Read 0xBFBA74A0 Line@ 92 
Write 0x81E0548 Read 0xBFBA74A0 Line@ 92 
Write 0x81E0550 Read 0xBFBA74A0 Line@ 92 
Write 0x81E0558 Read 0xBFBA74A0 Line@ 92 
Write 0x81E0570 Read 0xBFBA74A0 Line@ 92 
Write 0x81E0578 Read 0xBFBA74A0 Line@ 92 
Write 0x81E0580 Read 0xBFBA74A0 Line@ 92 
Write 0x81E0588 Read 0xBFBA74A0 Line@ 92 
Write 0x81E0590 Read 0xBFBA74A0 Line@ 92 
Write 0x81E0598 Read 0xBFBA74A0 Line@ 92 
Write 0x81E05A0 Read 0xBFBA74A0 Line@ 92 
Write 0x81E05A8 Read 0xBFBA74A0 Line@ 92 
Write 0x81E05C8 Read 0xBFBA74A0 Line@ 92 
Write 0x81E05D0 Read 0xBFBA74A0 Line@ 92 
Write 0x81E05D8 Read 0xBFBA74A0 Line@ 92 
Write 0x81E05E0 Read 0xBFBA74A0 Line@ 92 
Write 0x81E05E8 Read 0xBFBA74A0 Line@ 92 
Write 0x81E05F0 Read 0xBFBA74A0 Line@ 92 
Write 0x81E05F8 Read 0xBFBA74A0 Line@ 92 
Write 0x81E0620 Read 0xBFBA74A0 Line@ 92 
Write 0x81E0628 Read 0xBFBA74A0 Line@ 92 
Write 0x81E0630 Read 0xBFBA74A0 Line@ 92 
Write 0x81E0638 Read 0xBFBA74A0 Line@ 92 
Write 0x81E0640 Read 0xBFBA74A0 Line@ 92 
Write 0x81E0648 Read 0xBFBA74A0 Line@ 92 
Write 0x81E0678 Read 0xBFBA74A0 Line@ 92 
Write 0x81E0680 Read 0xBFBA74A0 Line@ 92 
Write 0x81E0688 Read 0xBFBA74A0 Line@ 92 
Write 0x81E0690 Read 0xBFBA74A0 Line@ 92 
Write 0x81E0698 Read 0xBFBA74A0 Line@ 92 
Write 0x81E06D0 Read 0xBFBA74A0 Line@ 92 
Write 0x81E06D8 Read 0xBFBA74A0 Line@ 92 
Write 0x81E06E0 Read 0xBFBA74A0 Line@ 92 
Write 0x81E06E8 Read 0xBFBA74A0 Line@ 92 
Write 0x81E0728 Read 0xBFBA74A0 Line@ 92 
Write 0x81E0730 Read 0xBFBA74A0 Line@ 92 
Write 0x81E0738 Read 0xBFBA74A0 Line@ 92 
Write 0x81E0780 Read 0xBFBA74A0 Line@ 92 
Write 0x81E0788 Read 0xBFBA74A0 Line@ 92 
Write 0x81E07D8 Read 0xBFBA74A0 Line@ 92 
