Write 0x91794C0 Read 0xBF9DCF90  
Write 0x91794C8 Read 0xBF9DCF90  
Write 0x91794D0 Read 0xBF9DCF90  
Write 0x91794D8 Read 0xBF9DCF90  
Write 0x91794E0 Read 0xBF9DCF90  
Write 0x91794E8 Read 0xBF9DCF90  
Write 0x91794F0 Read 0xBF9DCF90  
Write 0x91794F8 Read 0xBF9DCF90  
Write 0x9179500 Read 0xBF9DCF90  
Write 0x9179508 Read 0xBF9DCF90  
Write 0x9179518 Read 0xBF9DCF90  
Write 0x9179520 Read 0xBF9DCF90  
Write 0x9179528 Read 0xBF9DCF90  
Write 0x9179530 Read 0xBF9DCF90  
Write 0x9179538 Read 0xBF9DCF90  
Write 0x9179540 Read 0xBF9DCF90  
Write 0x9179548 Read 0xBF9DCF90  
Write 0x9179550 Read 0xBF9DCF90  
Write 0x9179558 Read 0xBF9DCF90  
Write 0x9179570 Read 0xBF9DCF90  
Write 0x9179578 Read 0xBF9DCF90  
Write 0x9179580 Read 0xBF9DCF90  
Write 0x9179588 Read 0xBF9DCF90  
Write 0x9179590 Read 0xBF9DCF90  
Write 0x9179598 Read 0xBF9DCF90  
Write 0x91795A0 Read 0xBF9DCF90  
Write 0x91795A8 Read 0xBF9DCF90  
Write 0x91795C8 Read 0xBF9DCF90  
Write 0x91795D0 Read 0xBF9DCF90  
Write 0x91795D8 Read 0xBF9DCF90  
Write 0x91795E0 Read 0xBF9DCF90  
Write 0x91795E8 Read 0xBF9DCF90  
Write 0x91795F0 Read 0xBF9DCF90  
Write 0x91795F8 Read 0xBF9DCF90  
Write 0x9179620 Read 0xBF9DCF90  
Write 0x9179628 Read 0xBF9DCF90  
Write 0x9179630 Read 0xBF9DCF90  
Write 0x9179638 Read 0xBF9DCF90  
Write 0x9179640 Read 0xBF9DCF90  
Write 0x9179648 Read 0xBF9DCF90  
Write 0x9179678 Read 0xBF9DCF90  
Write 0x9179680 Read 0xBF9DCF90  
Write 0x9179688 Read 0xBF9DCF90  
Write 0x9179690 Read 0xBF9DCF90  
Write 0x9179698 Read 0xBF9DCF90  
Write 0x91796D0 Read 0xBF9DCF90  
Write 0x91796D8 Read 0xBF9DCF90  
Write 0x91796E0 Read 0xBF9DCF90  
Write 0x91796E8 Read 0xBF9DCF90  
Write 0x9179728 Read 0xBF9DCF90  
Write 0x9179730 Read 0xBF9DCF90  
Write 0x9179738 Read 0xBF9DCF90  
Write 0x9179780 Read 0xBF9DCF90  
Write 0x9179788 Read 0xBF9DCF90  
Write 0x91797D8 Read 0xBF9DCF90  
